<?xml version="1.0" encoding="UTF-8"?>
<!-- Generated by org.testng.reporters.JUnitXMLReporter -->
<testsuite ignored="1" hostname="DESKTOP-2TTEA4F" failures="0" tests="1" name="Test" time="12.672" errors="0" timestamp="2025-01-01T00:59:34 IST">
  <testcase classname="testScripts.FooterTextTest" name="checkWhetherUppdateFooterTextIsworking" time="6.586"/>
  <testcase classname="testScripts.FooterTextTest" name="updateButtonisAvailabe" time="0.0">
    <ignored/>
  </testcase> <!-- updateButtonisAvailabe -->
</testsuite> <!-- Test -->
