<?xml version="1.0" encoding="UTF-8"?>
<testng-results ignored="0" total="1" passed="1" failed="0" skipped="0">
  <reporter-output>
  </reporter-output>
  <suite started-at="2024-12-21T10:28:11 IST" name="Suite" finished-at="2024-12-21T10:28:29 IST" duration-ms="17962">
    <groups>
    </groups>
    <test started-at="2024-12-21T10:28:11 IST" name="Test" finished-at="2024-12-21T10:28:29 IST" duration-ms="17962">
      <class name="testScripts.ManageNewsTest">
        <test-method is-config="true" signature="intializeBrowser(java.lang.String)[pri:0, instance:testScripts.ManageNewsTest@491b9b8]" started-at="2024-12-21T10:28:11 IST" name="intializeBrowser" finished-at="2024-12-21T10:28:23 IST" duration-ms="11388" status="PASS">
          <params>
            <param index="0">
              <value>
                <![CDATA[Chrome]]>
              </value>
            </param>
          </params>
          <reporter-output>
          </reporter-output>
        </test-method> <!-- intializeBrowser -->
        <test-method signature="verifyAddnNewManageNews()[pri:0, instance:testScripts.ManageNewsTest@491b9b8]" started-at="2024-12-21T10:28:23 IST" name="verifyAddnNewManageNews" finished-at="2024-12-21T10:28:29 IST" duration-ms="6044" status="PASS">
          <reporter-output>
          </reporter-output>
        </test-method> <!-- verifyAddnNewManageNews -->
        <test-method is-config="true" signature="browserQuit(org.testng.ITestResult)[pri:0, instance:testScripts.ManageNewsTest@491b9b8]" started-at="2024-12-21T10:28:29 IST" name="browserQuit" finished-at="2024-12-21T10:28:29 IST" duration-ms="427" status="PASS">
          <params>
            <param index="0">
              <value>
                <![CDATA[[TestResult name=verifyAddnNewManageNews status=SUCCESS method=ManageNewsTest.verifyAddnNewManageNews()[pri:0, instance:testScripts.ManageNewsTest@491b9b8] output={null}]]]>
              </value>
            </param>
          </params>
          <reporter-output>
          </reporter-output>
        </test-method> <!-- browserQuit -->
      </class> <!-- testScripts.ManageNewsTest -->
    </test> <!-- Test -->
  </suite> <!-- Suite -->
</testng-results>
